2025-04-14 20:20:19,531:WARNING:
'cuml' is a soft dependency and not included in the pycaret installation. Please run: `pip install cuml` to install.
2025-04-14 20:20:19,531:WARNING:
'cuml' is a soft dependency and not included in the pycaret installation. Please run: `pip install cuml` to install.
2025-04-14 20:20:19,531:WARNING:
'cuml' is a soft dependency and not included in the pycaret installation. Please run: `pip install cuml` to install.
2025-04-14 20:20:19,531:WARNING:
'cuml' is a soft dependency and not included in the pycaret installation. Please run: `pip install cuml` to install.
2025-04-14 20:20:19,600:INFO:Initializing load_model()
2025-04-14 20:20:19,600:INFO:load_model(model_name=best_regression_model, platform=None, authentication=None, verbose=True)
2025-04-14 20:20:19,640:WARNING:/home/alanjoseph/.local/lib/python3.10/site-packages/pycaret/internal/pipeline.py:148: UserWarning: Version mismatch:
current: {'deps_info': {'pip': '22.0.2', 'setuptools': '59.6.0', 'pycaret': '3.3.2', 'IPython': '8.35.0', 'ipywidgets': '8.1.6', 'tqdm': '4.67.1', 'numpy': '1.26.4', 'pandas': '2.1.4', 'jinja2': '3.1.6', 'scipy': '1.11.4', 'joblib': '1.3.2', 'sklearn': '1.4.2', 'pyod': '2.0.4', 'imblearn': '0.13.0', 'category_encoders': '2.7.0', 'lightgbm': '4.6.0', 'numba': '0.61.2', 'requests': '2.25.1', 'matplotlib': '3.7.5', 'scikitplot': '0.3.7', 'yellowbrick': '1.5', 'plotly': '5.24.1', 'plotly-resampler': 'Not installed', 'kaleido': '0.2.1', 'schemdraw': '0.15', 'statsmodels': '0.14.4', 'sktime': '0.26.0', 'tbats': '1.1.3', 'pmdarima': '2.0.4', 'psutil': '7.0.0', 'markupsafe': '3.0.2', 'pickle5': 'Not installed', 'cloudpickle': '3.1.1', 'deprecation': '2.1.0', 'xxhash': '3.5.0', 'wurlitzer': '3.1.1'}, 'python': {'version': '3.10.12', 'machine': 'x86_64'}}
pickle: {'deps_info': {'pip': '24.1.2', 'setuptools': '75.2.0', 'pycaret': '3.3.2', 'IPython': '7.34.0', 'ipywidgets': '7.7.1', 'tqdm': '4.67.1', 'numpy': '1.26.4', 'pandas': '2.1.4', 'jinja2': '3.1.6', 'scipy': '1.11.4', 'joblib': '1.3.2', 'sklearn': '1.4.2', 'pyod': '2.0.4', 'imblearn': '0.13.0', 'category_encoders': '2.7.0', 'lightgbm': '4.5.0', 'numba': '0.60.0', 'requests': '2.32.3', 'matplotlib': '3.7.5', 'scikitplot': '0.3.7', 'yellowbrick': '1.5', 'plotly': '5.24.1', 'plotly-resampler': 'Not installed', 'kaleido': '0.2.1', 'schemdraw': '0.15', 'statsmodels': '0.14.4', 'sktime': '0.26.0', 'tbats': '1.1.3', 'pmdarima': '2.0.4', 'psutil': '5.9.5', 'markupsafe': '2.0.1', 'pickle5': 'Not installed', 'cloudpickle': '3.1.1', 'deprecation': '2.1.0', 'xxhash': '3.5.0', 'wurlitzer': '3.1.1'}, 'python': {'version': '3.11.12', 'machine': 'x86_64'}}
  warnings.warn(

2025-04-14 20:20:19,752:INFO:Initializing predict_model()
2025-04-14 20:20:19,752:INFO:predict_model(self=<pycaret.regression.oop.RegressionExperiment object at 0x7e0d381096f0>, estimator=Pipeline(memory=Memory(location=None),
         steps=[('numerical_imputer',
                 TransformerWrapper(include=['fixed acidity',
                                             'volatile acidity', 'citric acid',
                                             'residual sugar', 'chlorides',
                                             'free sulfur dioxide',
                                             'total sulfur dioxide', 'density',
                                             'pH', 'sulphates', 'alcohol'],
                                    transformer=SimpleImputer())),
                ('categorical_imputer',
                 TransformerWrapper(include=[],
                                    transformer=SimpleImputer(strategy='most_frequent'))),
                ('clean_column_names',
                 TransformerWrapper(transformer=CleanColumnNames())),
                ('trained_model',
                 ExtraTreesRegressor(n_jobs=-1, random_state=123))]), probability_threshold=None, encoded_labels=False, raw_score=False, round=4, verbose=True, ml_usecase=None, preprocess=True, encode_labels=<function _SupervisedExperiment.predict_model.<locals>.encode_labels at 0x7e0d33788dc0>)
2025-04-14 20:20:19,752:INFO:Checking exceptions
2025-04-14 20:20:19,752:INFO:Preloading libraries
2025-04-14 20:20:19,753:INFO:Set up data.
2025-04-14 20:20:19,754:INFO:Set up index.
2025-04-14 20:52:43,665:WARNING:
'cuml' is a soft dependency and not included in the pycaret installation. Please run: `pip install cuml` to install.
2025-04-14 20:52:43,665:WARNING:
'cuml' is a soft dependency and not included in the pycaret installation. Please run: `pip install cuml` to install.
2025-04-14 20:52:43,666:WARNING:
'cuml' is a soft dependency and not included in the pycaret installation. Please run: `pip install cuml` to install.
2025-04-14 20:52:43,666:WARNING:
'cuml' is a soft dependency and not included in the pycaret installation. Please run: `pip install cuml` to install.
2025-04-14 20:52:43,781:INFO:Initializing load_model()
2025-04-14 20:52:43,781:INFO:load_model(model_name=best_regression_model, platform=None, authentication=None, verbose=True)
2025-04-14 20:52:43,817:WARNING:/home/alanjoseph/.local/lib/python3.10/site-packages/pycaret/internal/pipeline.py:148: UserWarning: Version mismatch:
current: {'deps_info': {'pip': '22.0.2', 'setuptools': '59.6.0', 'pycaret': '3.3.2', 'IPython': '8.35.0', 'ipywidgets': '8.1.6', 'tqdm': '4.67.1', 'numpy': '1.26.4', 'pandas': '2.1.4', 'jinja2': '3.1.6', 'scipy': '1.11.4', 'joblib': '1.3.2', 'sklearn': '1.4.2', 'pyod': '2.0.4', 'imblearn': '0.13.0', 'category_encoders': '2.7.0', 'lightgbm': '4.6.0', 'numba': '0.61.2', 'requests': '2.25.1', 'matplotlib': '3.7.5', 'scikitplot': '0.3.7', 'yellowbrick': '1.5', 'plotly': '5.24.1', 'plotly-resampler': 'Not installed', 'kaleido': '0.2.1', 'schemdraw': '0.15', 'statsmodels': '0.14.4', 'sktime': '0.26.0', 'tbats': '1.1.3', 'pmdarima': '2.0.4', 'psutil': '7.0.0', 'markupsafe': '3.0.2', 'pickle5': 'Not installed', 'cloudpickle': '3.1.1', 'deprecation': '2.1.0', 'xxhash': '3.5.0', 'wurlitzer': '3.1.1'}, 'python': {'version': '3.10.12', 'machine': 'x86_64'}}
pickle: {'deps_info': {'pip': '24.1.2', 'setuptools': '75.2.0', 'pycaret': '3.3.2', 'IPython': '7.34.0', 'ipywidgets': '7.7.1', 'tqdm': '4.67.1', 'numpy': '1.26.4', 'pandas': '2.1.4', 'jinja2': '3.1.6', 'scipy': '1.11.4', 'joblib': '1.3.2', 'sklearn': '1.4.2', 'pyod': '2.0.4', 'imblearn': '0.13.0', 'category_encoders': '2.7.0', 'lightgbm': '4.5.0', 'numba': '0.60.0', 'requests': '2.32.3', 'matplotlib': '3.7.5', 'scikitplot': '0.3.7', 'yellowbrick': '1.5', 'plotly': '5.24.1', 'plotly-resampler': 'Not installed', 'kaleido': '0.2.1', 'schemdraw': '0.15', 'statsmodels': '0.14.4', 'sktime': '0.26.0', 'tbats': '1.1.3', 'pmdarima': '2.0.4', 'psutil': '5.9.5', 'markupsafe': '2.0.1', 'pickle5': 'Not installed', 'cloudpickle': '3.1.1', 'deprecation': '2.1.0', 'xxhash': '3.5.0', 'wurlitzer': '3.1.1'}, 'python': {'version': '3.11.12', 'machine': 'x86_64'}}
  warnings.warn(

2025-04-14 20:52:43,918:INFO:Initializing predict_model()
2025-04-14 20:52:43,918:INFO:predict_model(self=<pycaret.regression.oop.RegressionExperiment object at 0x737f68fc56c0>, estimator=Pipeline(memory=Memory(location=None),
         steps=[('numerical_imputer',
                 TransformerWrapper(include=['fixed acidity',
                                             'volatile acidity', 'citric acid',
                                             'residual sugar', 'chlorides',
                                             'free sulfur dioxide',
                                             'total sulfur dioxide', 'density',
                                             'pH', 'sulphates', 'alcohol'],
                                    transformer=SimpleImputer())),
                ('categorical_imputer',
                 TransformerWrapper(include=[],
                                    transformer=SimpleImputer(strategy='most_frequent'))),
                ('clean_column_names',
                 TransformerWrapper(transformer=CleanColumnNames())),
                ('trained_model',
                 ExtraTreesRegressor(n_jobs=-1, random_state=123))]), probability_threshold=None, encoded_labels=False, raw_score=False, round=4, verbose=True, ml_usecase=None, preprocess=True, encode_labels=<function _SupervisedExperiment.predict_model.<locals>.encode_labels at 0x737f685995a0>)
2025-04-14 20:52:43,918:INFO:Checking exceptions
2025-04-14 20:52:43,918:INFO:Preloading libraries
2025-04-14 20:52:43,918:INFO:Set up data.
2025-04-14 20:52:43,921:INFO:Set up index.
2025-04-14 20:58:13,382:WARNING:
'cuml' is a soft dependency and not included in the pycaret installation. Please run: `pip install cuml` to install.
2025-04-14 20:58:13,383:WARNING:
'cuml' is a soft dependency and not included in the pycaret installation. Please run: `pip install cuml` to install.
2025-04-14 20:58:13,383:WARNING:
'cuml' is a soft dependency and not included in the pycaret installation. Please run: `pip install cuml` to install.
2025-04-14 20:58:13,383:WARNING:
'cuml' is a soft dependency and not included in the pycaret installation. Please run: `pip install cuml` to install.
2025-04-14 20:58:13,554:INFO:Initializing load_model()
2025-04-14 20:58:13,554:INFO:load_model(model_name=best_model, platform=None, authentication=None, verbose=True)
2025-04-14 20:59:10,587:INFO:Initializing load_model()
2025-04-14 20:59:10,587:INFO:load_model(model_name=best_regression_model, platform=None, authentication=None, verbose=True)
2025-04-14 20:59:10,658:WARNING:/home/alanjoseph/.local/lib/python3.10/site-packages/pycaret/internal/pipeline.py:148: UserWarning: Version mismatch:
current: {'deps_info': {'pip': '22.0.2', 'setuptools': '59.6.0', 'pycaret': '3.3.2', 'IPython': '8.35.0', 'ipywidgets': '8.1.6', 'tqdm': '4.67.1', 'numpy': '1.26.4', 'pandas': '2.1.4', 'jinja2': '3.1.6', 'scipy': '1.11.4', 'joblib': '1.3.2', 'sklearn': '1.4.2', 'pyod': '2.0.4', 'imblearn': '0.13.0', 'category_encoders': '2.7.0', 'lightgbm': '4.6.0', 'numba': '0.61.2', 'requests': '2.25.1', 'matplotlib': '3.7.5', 'scikitplot': '0.3.7', 'yellowbrick': '1.5', 'plotly': '5.24.1', 'plotly-resampler': 'Not installed', 'kaleido': '0.2.1', 'schemdraw': '0.15', 'statsmodels': '0.14.4', 'sktime': '0.26.0', 'tbats': '1.1.3', 'pmdarima': '2.0.4', 'psutil': '7.0.0', 'markupsafe': '3.0.2', 'pickle5': 'Not installed', 'cloudpickle': '3.1.1', 'deprecation': '2.1.0', 'xxhash': '3.5.0', 'wurlitzer': '3.1.1'}, 'python': {'version': '3.10.12', 'machine': 'x86_64'}}
pickle: {'deps_info': {'pip': '24.1.2', 'setuptools': '75.2.0', 'pycaret': '3.3.2', 'IPython': '7.34.0', 'ipywidgets': '7.7.1', 'tqdm': '4.67.1', 'numpy': '1.26.4', 'pandas': '2.1.4', 'jinja2': '3.1.6', 'scipy': '1.11.4', 'joblib': '1.3.2', 'sklearn': '1.4.2', 'pyod': '2.0.4', 'imblearn': '0.13.0', 'category_encoders': '2.7.0', 'lightgbm': '4.5.0', 'numba': '0.60.0', 'requests': '2.32.3', 'matplotlib': '3.7.5', 'scikitplot': '0.3.7', 'yellowbrick': '1.5', 'plotly': '5.24.1', 'plotly-resampler': 'Not installed', 'kaleido': '0.2.1', 'schemdraw': '0.15', 'statsmodels': '0.14.4', 'sktime': '0.26.0', 'tbats': '1.1.3', 'pmdarima': '2.0.4', 'psutil': '5.9.5', 'markupsafe': '2.0.1', 'pickle5': 'Not installed', 'cloudpickle': '3.1.1', 'deprecation': '2.1.0', 'xxhash': '3.5.0', 'wurlitzer': '3.1.1'}, 'python': {'version': '3.11.12', 'machine': 'x86_64'}}
  warnings.warn(

2025-04-14 20:59:16,016:INFO:Initializing load_model()
2025-04-14 20:59:16,017:INFO:load_model(model_name=best_regression_model, platform=None, authentication=None, verbose=True)
2025-04-14 20:59:16,066:INFO:Initializing predict_model()
2025-04-14 20:59:16,066:INFO:predict_model(self=<pycaret.regression.oop.RegressionExperiment object at 0x7309b41401c0>, estimator=Pipeline(memory=Memory(location=None),
         steps=[('numerical_imputer',
                 TransformerWrapper(include=['fixed acidity',
                                             'volatile acidity', 'citric acid',
                                             'residual sugar', 'chlorides',
                                             'free sulfur dioxide',
                                             'total sulfur dioxide', 'density',
                                             'pH', 'sulphates', 'alcohol'],
                                    transformer=SimpleImputer())),
                ('categorical_imputer',
                 TransformerWrapper(include=[],
                                    transformer=SimpleImputer(strategy='most_frequent'))),
                ('clean_column_names',
                 TransformerWrapper(transformer=CleanColumnNames())),
                ('trained_model',
                 ExtraTreesRegressor(n_jobs=-1, random_state=123))]), probability_threshold=None, encoded_labels=False, raw_score=False, round=4, verbose=True, ml_usecase=None, preprocess=True, encode_labels=<function _SupervisedExperiment.predict_model.<locals>.encode_labels at 0x7309b4144310>)
2025-04-14 20:59:16,067:INFO:Checking exceptions
2025-04-14 20:59:16,067:INFO:Preloading libraries
2025-04-14 20:59:16,067:INFO:Set up data.
2025-04-14 20:59:16,071:INFO:Set up index.
2025-04-14 20:59:25,474:INFO:Initializing load_model()
2025-04-14 20:59:25,475:INFO:load_model(model_name=best_regression_model, platform=None, authentication=None, verbose=True)
2025-04-14 20:59:25,526:WARNING:/home/alanjoseph/.local/lib/python3.10/site-packages/pycaret/internal/pipeline.py:148: UserWarning: Version mismatch:
current: {'deps_info': {'pip': '22.0.2', 'setuptools': '59.6.0', 'pycaret': '3.3.2', 'IPython': '8.35.0', 'ipywidgets': '8.1.6', 'tqdm': '4.67.1', 'numpy': '1.26.4', 'pandas': '2.1.4', 'jinja2': '3.1.6', 'scipy': '1.11.4', 'joblib': '1.3.2', 'sklearn': '1.4.2', 'pyod': '2.0.4', 'imblearn': '0.13.0', 'category_encoders': '2.7.0', 'lightgbm': '4.6.0', 'numba': '0.61.2', 'requests': '2.25.1', 'matplotlib': '3.7.5', 'scikitplot': '0.3.7', 'yellowbrick': '1.5', 'plotly': '5.24.1', 'plotly-resampler': 'Not installed', 'kaleido': '0.2.1', 'schemdraw': '0.15', 'statsmodels': '0.14.4', 'sktime': '0.26.0', 'tbats': '1.1.3', 'pmdarima': '2.0.4', 'psutil': '7.0.0', 'markupsafe': '3.0.2', 'pickle5': 'Not installed', 'cloudpickle': '3.1.1', 'deprecation': '2.1.0', 'xxhash': '3.5.0', 'wurlitzer': '3.1.1'}, 'python': {'version': '3.10.12', 'machine': 'x86_64'}}
pickle: {'deps_info': {'pip': '24.1.2', 'setuptools': '75.2.0', 'pycaret': '3.3.2', 'IPython': '7.34.0', 'ipywidgets': '7.7.1', 'tqdm': '4.67.1', 'numpy': '1.26.4', 'pandas': '2.1.4', 'jinja2': '3.1.6', 'scipy': '1.11.4', 'joblib': '1.3.2', 'sklearn': '1.4.2', 'pyod': '2.0.4', 'imblearn': '0.13.0', 'category_encoders': '2.7.0', 'lightgbm': '4.5.0', 'numba': '0.60.0', 'requests': '2.32.3', 'matplotlib': '3.7.5', 'scikitplot': '0.3.7', 'yellowbrick': '1.5', 'plotly': '5.24.1', 'plotly-resampler': 'Not installed', 'kaleido': '0.2.1', 'schemdraw': '0.15', 'statsmodels': '0.14.4', 'sktime': '0.26.0', 'tbats': '1.1.3', 'pmdarima': '2.0.4', 'psutil': '5.9.5', 'markupsafe': '2.0.1', 'pickle5': 'Not installed', 'cloudpickle': '3.1.1', 'deprecation': '2.1.0', 'xxhash': '3.5.0', 'wurlitzer': '3.1.1'}, 'python': {'version': '3.11.12', 'machine': 'x86_64'}}
  warnings.warn(

2025-04-14 20:59:27,177:INFO:Initializing load_model()
2025-04-14 20:59:27,177:INFO:load_model(model_name=best_regression_model, platform=None, authentication=None, verbose=True)
2025-04-14 20:59:27,213:INFO:Initializing predict_model()
2025-04-14 20:59:27,213:INFO:predict_model(self=<pycaret.regression.oop.RegressionExperiment object at 0x7309b41422c0>, estimator=Pipeline(memory=Memory(location=None),
         steps=[('numerical_imputer',
                 TransformerWrapper(include=['fixed acidity',
                                             'volatile acidity', 'citric acid',
                                             'residual sugar', 'chlorides',
                                             'free sulfur dioxide',
                                             'total sulfur dioxide', 'density',
                                             'pH', 'sulphates', 'alcohol'],
                                    transformer=SimpleImputer())),
                ('categorical_imputer',
                 TransformerWrapper(include=[],
                                    transformer=SimpleImputer(strategy='most_frequent'))),
                ('clean_column_names',
                 TransformerWrapper(transformer=CleanColumnNames())),
                ('trained_model',
                 ExtraTreesRegressor(n_jobs=-1, random_state=123))]), probability_threshold=None, encoded_labels=False, raw_score=False, round=4, verbose=True, ml_usecase=None, preprocess=True, encode_labels=<function _SupervisedExperiment.predict_model.<locals>.encode_labels at 0x7309b4145cf0>)
2025-04-14 20:59:27,214:INFO:Checking exceptions
2025-04-14 20:59:27,215:INFO:Preloading libraries
2025-04-14 20:59:27,215:INFO:Set up data.
2025-04-14 20:59:27,217:INFO:Set up index.
2025-04-14 20:59:33,399:INFO:Initializing load_model()
2025-04-14 20:59:33,399:INFO:load_model(model_name=best_regression_model, platform=None, authentication=None, verbose=True)
2025-04-14 20:59:33,428:WARNING:/home/alanjoseph/.local/lib/python3.10/site-packages/pycaret/internal/pipeline.py:148: UserWarning: Version mismatch:
current: {'deps_info': {'pip': '22.0.2', 'setuptools': '59.6.0', 'pycaret': '3.3.2', 'IPython': '8.35.0', 'ipywidgets': '8.1.6', 'tqdm': '4.67.1', 'numpy': '1.26.4', 'pandas': '2.1.4', 'jinja2': '3.1.6', 'scipy': '1.11.4', 'joblib': '1.3.2', 'sklearn': '1.4.2', 'pyod': '2.0.4', 'imblearn': '0.13.0', 'category_encoders': '2.7.0', 'lightgbm': '4.6.0', 'numba': '0.61.2', 'requests': '2.25.1', 'matplotlib': '3.7.5', 'scikitplot': '0.3.7', 'yellowbrick': '1.5', 'plotly': '5.24.1', 'plotly-resampler': 'Not installed', 'kaleido': '0.2.1', 'schemdraw': '0.15', 'statsmodels': '0.14.4', 'sktime': '0.26.0', 'tbats': '1.1.3', 'pmdarima': '2.0.4', 'psutil': '7.0.0', 'markupsafe': '3.0.2', 'pickle5': 'Not installed', 'cloudpickle': '3.1.1', 'deprecation': '2.1.0', 'xxhash': '3.5.0', 'wurlitzer': '3.1.1'}, 'python': {'version': '3.10.12', 'machine': 'x86_64'}}
pickle: {'deps_info': {'pip': '24.1.2', 'setuptools': '75.2.0', 'pycaret': '3.3.2', 'IPython': '7.34.0', 'ipywidgets': '7.7.1', 'tqdm': '4.67.1', 'numpy': '1.26.4', 'pandas': '2.1.4', 'jinja2': '3.1.6', 'scipy': '1.11.4', 'joblib': '1.3.2', 'sklearn': '1.4.2', 'pyod': '2.0.4', 'imblearn': '0.13.0', 'category_encoders': '2.7.0', 'lightgbm': '4.5.0', 'numba': '0.60.0', 'requests': '2.32.3', 'matplotlib': '3.7.5', 'scikitplot': '0.3.7', 'yellowbrick': '1.5', 'plotly': '5.24.1', 'plotly-resampler': 'Not installed', 'kaleido': '0.2.1', 'schemdraw': '0.15', 'statsmodels': '0.14.4', 'sktime': '0.26.0', 'tbats': '1.1.3', 'pmdarima': '2.0.4', 'psutil': '5.9.5', 'markupsafe': '2.0.1', 'pickle5': 'Not installed', 'cloudpickle': '3.1.1', 'deprecation': '2.1.0', 'xxhash': '3.5.0', 'wurlitzer': '3.1.1'}, 'python': {'version': '3.11.12', 'machine': 'x86_64'}}
  warnings.warn(

2025-04-14 20:59:35,158:INFO:Initializing load_model()
2025-04-14 20:59:35,159:INFO:load_model(model_name=best_regression_model, platform=None, authentication=None, verbose=True)
2025-04-14 20:59:35,202:INFO:Initializing predict_model()
2025-04-14 20:59:35,202:INFO:predict_model(self=<pycaret.regression.oop.RegressionExperiment object at 0x7309b433fac0>, estimator=Pipeline(memory=Memory(location=None),
         steps=[('numerical_imputer',
                 TransformerWrapper(include=['fixed acidity',
                                             'volatile acidity', 'citric acid',
                                             'residual sugar', 'chlorides',
                                             'free sulfur dioxide',
                                             'total sulfur dioxide', 'density',
                                             'pH', 'sulphates', 'alcohol'],
                                    transformer=SimpleImputer())),
                ('categorical_imputer',
                 TransformerWrapper(include=[],
                                    transformer=SimpleImputer(strategy='most_frequent'))),
                ('clean_column_names',
                 TransformerWrapper(transformer=CleanColumnNames())),
                ('trained_model',
                 ExtraTreesRegressor(n_jobs=-1, random_state=123))]), probability_threshold=None, encoded_labels=False, raw_score=False, round=4, verbose=True, ml_usecase=None, preprocess=True, encode_labels=<function _SupervisedExperiment.predict_model.<locals>.encode_labels at 0x7309b4145e10>)
2025-04-14 20:59:35,202:INFO:Checking exceptions
2025-04-14 20:59:35,203:INFO:Preloading libraries
2025-04-14 20:59:35,203:INFO:Set up data.
2025-04-14 20:59:35,206:INFO:Set up index.
2025-04-14 20:59:40,484:INFO:Initializing load_model()
2025-04-14 20:59:40,485:INFO:load_model(model_name=best_regression_model, platform=None, authentication=None, verbose=True)
2025-04-14 20:59:40,519:WARNING:/home/alanjoseph/.local/lib/python3.10/site-packages/pycaret/internal/pipeline.py:148: UserWarning: Version mismatch:
current: {'deps_info': {'pip': '22.0.2', 'setuptools': '59.6.0', 'pycaret': '3.3.2', 'IPython': '8.35.0', 'ipywidgets': '8.1.6', 'tqdm': '4.67.1', 'numpy': '1.26.4', 'pandas': '2.1.4', 'jinja2': '3.1.6', 'scipy': '1.11.4', 'joblib': '1.3.2', 'sklearn': '1.4.2', 'pyod': '2.0.4', 'imblearn': '0.13.0', 'category_encoders': '2.7.0', 'lightgbm': '4.6.0', 'numba': '0.61.2', 'requests': '2.25.1', 'matplotlib': '3.7.5', 'scikitplot': '0.3.7', 'yellowbrick': '1.5', 'plotly': '5.24.1', 'plotly-resampler': 'Not installed', 'kaleido': '0.2.1', 'schemdraw': '0.15', 'statsmodels': '0.14.4', 'sktime': '0.26.0', 'tbats': '1.1.3', 'pmdarima': '2.0.4', 'psutil': '7.0.0', 'markupsafe': '3.0.2', 'pickle5': 'Not installed', 'cloudpickle': '3.1.1', 'deprecation': '2.1.0', 'xxhash': '3.5.0', 'wurlitzer': '3.1.1'}, 'python': {'version': '3.10.12', 'machine': 'x86_64'}}
pickle: {'deps_info': {'pip': '24.1.2', 'setuptools': '75.2.0', 'pycaret': '3.3.2', 'IPython': '7.34.0', 'ipywidgets': '7.7.1', 'tqdm': '4.67.1', 'numpy': '1.26.4', 'pandas': '2.1.4', 'jinja2': '3.1.6', 'scipy': '1.11.4', 'joblib': '1.3.2', 'sklearn': '1.4.2', 'pyod': '2.0.4', 'imblearn': '0.13.0', 'category_encoders': '2.7.0', 'lightgbm': '4.5.0', 'numba': '0.60.0', 'requests': '2.32.3', 'matplotlib': '3.7.5', 'scikitplot': '0.3.7', 'yellowbrick': '1.5', 'plotly': '5.24.1', 'plotly-resampler': 'Not installed', 'kaleido': '0.2.1', 'schemdraw': '0.15', 'statsmodels': '0.14.4', 'sktime': '0.26.0', 'tbats': '1.1.3', 'pmdarima': '2.0.4', 'psutil': '5.9.5', 'markupsafe': '2.0.1', 'pickle5': 'Not installed', 'cloudpickle': '3.1.1', 'deprecation': '2.1.0', 'xxhash': '3.5.0', 'wurlitzer': '3.1.1'}, 'python': {'version': '3.11.12', 'machine': 'x86_64'}}
  warnings.warn(

2025-04-14 20:59:41,854:INFO:Initializing load_model()
2025-04-14 20:59:41,854:INFO:load_model(model_name=best_regression_model, platform=None, authentication=None, verbose=True)
2025-04-14 20:59:41,900:INFO:Initializing predict_model()
2025-04-14 20:59:41,900:INFO:predict_model(self=<pycaret.regression.oop.RegressionExperiment object at 0x7309ef6e4850>, estimator=Pipeline(memory=Memory(location=None),
         steps=[('numerical_imputer',
                 TransformerWrapper(include=['fixed acidity',
                                             'volatile acidity', 'citric acid',
                                             'residual sugar', 'chlorides',
                                             'free sulfur dioxide',
                                             'total sulfur dioxide', 'density',
                                             'pH', 'sulphates', 'alcohol'],
                                    transformer=SimpleImputer())),
                ('categorical_imputer',
                 TransformerWrapper(include=[],
                                    transformer=SimpleImputer(strategy='most_frequent'))),
                ('clean_column_names',
                 TransformerWrapper(transformer=CleanColumnNames())),
                ('trained_model',
                 ExtraTreesRegressor(n_jobs=-1, random_state=123))]), probability_threshold=None, encoded_labels=False, raw_score=False, round=4, verbose=True, ml_usecase=None, preprocess=True, encode_labels=<function _SupervisedExperiment.predict_model.<locals>.encode_labels at 0x7309b4145cf0>)
2025-04-14 20:59:41,900:INFO:Checking exceptions
2025-04-14 20:59:41,901:INFO:Preloading libraries
2025-04-14 20:59:41,901:INFO:Set up data.
2025-04-14 20:59:41,904:INFO:Set up index.
2025-04-14 20:59:50,158:INFO:Initializing load_model()
2025-04-14 20:59:50,158:INFO:load_model(model_name=best_regression_model, platform=None, authentication=None, verbose=True)
2025-04-14 20:59:50,201:WARNING:/home/alanjoseph/.local/lib/python3.10/site-packages/pycaret/internal/pipeline.py:148: UserWarning: Version mismatch:
current: {'deps_info': {'pip': '22.0.2', 'setuptools': '59.6.0', 'pycaret': '3.3.2', 'IPython': '8.35.0', 'ipywidgets': '8.1.6', 'tqdm': '4.67.1', 'numpy': '1.26.4', 'pandas': '2.1.4', 'jinja2': '3.1.6', 'scipy': '1.11.4', 'joblib': '1.3.2', 'sklearn': '1.4.2', 'pyod': '2.0.4', 'imblearn': '0.13.0', 'category_encoders': '2.7.0', 'lightgbm': '4.6.0', 'numba': '0.61.2', 'requests': '2.25.1', 'matplotlib': '3.7.5', 'scikitplot': '0.3.7', 'yellowbrick': '1.5', 'plotly': '5.24.1', 'plotly-resampler': 'Not installed', 'kaleido': '0.2.1', 'schemdraw': '0.15', 'statsmodels': '0.14.4', 'sktime': '0.26.0', 'tbats': '1.1.3', 'pmdarima': '2.0.4', 'psutil': '7.0.0', 'markupsafe': '3.0.2', 'pickle5': 'Not installed', 'cloudpickle': '3.1.1', 'deprecation': '2.1.0', 'xxhash': '3.5.0', 'wurlitzer': '3.1.1'}, 'python': {'version': '3.10.12', 'machine': 'x86_64'}}
pickle: {'deps_info': {'pip': '24.1.2', 'setuptools': '75.2.0', 'pycaret': '3.3.2', 'IPython': '7.34.0', 'ipywidgets': '7.7.1', 'tqdm': '4.67.1', 'numpy': '1.26.4', 'pandas': '2.1.4', 'jinja2': '3.1.6', 'scipy': '1.11.4', 'joblib': '1.3.2', 'sklearn': '1.4.2', 'pyod': '2.0.4', 'imblearn': '0.13.0', 'category_encoders': '2.7.0', 'lightgbm': '4.5.0', 'numba': '0.60.0', 'requests': '2.32.3', 'matplotlib': '3.7.5', 'scikitplot': '0.3.7', 'yellowbrick': '1.5', 'plotly': '5.24.1', 'plotly-resampler': 'Not installed', 'kaleido': '0.2.1', 'schemdraw': '0.15', 'statsmodels': '0.14.4', 'sktime': '0.26.0', 'tbats': '1.1.3', 'pmdarima': '2.0.4', 'psutil': '5.9.5', 'markupsafe': '2.0.1', 'pickle5': 'Not installed', 'cloudpickle': '3.1.1', 'deprecation': '2.1.0', 'xxhash': '3.5.0', 'wurlitzer': '3.1.1'}, 'python': {'version': '3.11.12', 'machine': 'x86_64'}}
  warnings.warn(

2025-04-14 20:59:52,428:INFO:Initializing load_model()
2025-04-14 20:59:52,429:INFO:load_model(model_name=best_regression_model, platform=None, authentication=None, verbose=True)
2025-04-14 20:59:52,474:INFO:Initializing predict_model()
2025-04-14 20:59:52,475:INFO:predict_model(self=<pycaret.regression.oop.RegressionExperiment object at 0x7309efd87700>, estimator=Pipeline(memory=Memory(location=None),
         steps=[('numerical_imputer',
                 TransformerWrapper(include=['fixed acidity',
                                             'volatile acidity', 'citric acid',
                                             'residual sugar', 'chlorides',
                                             'free sulfur dioxide',
                                             'total sulfur dioxide', 'density',
                                             'pH', 'sulphates', 'alcohol'],
                                    transformer=SimpleImputer())),
                ('categorical_imputer',
                 TransformerWrapper(include=[],
                                    transformer=SimpleImputer(strategy='most_frequent'))),
                ('clean_column_names',
                 TransformerWrapper(transformer=CleanColumnNames())),
                ('trained_model',
                 ExtraTreesRegressor(n_jobs=-1, random_state=123))]), probability_threshold=None, encoded_labels=False, raw_score=False, round=4, verbose=True, ml_usecase=None, preprocess=True, encode_labels=<function _SupervisedExperiment.predict_model.<locals>.encode_labels at 0x7309b4145bd0>)
2025-04-14 20:59:52,475:INFO:Checking exceptions
2025-04-14 20:59:52,475:INFO:Preloading libraries
2025-04-14 20:59:52,475:INFO:Set up data.
2025-04-14 20:59:52,478:INFO:Set up index.
